============================= test session starts ==============================
platform darwin -- Python 3.10.18, pytest-9.0.2, pluggy-1.6.0 -- /Users/satyammishra/Desktop/meta-pytorch/venv/bin/python
cachedir: .pytest_cache
rootdir: /Users/satyammishra/Desktop/meta-pytorch/shopOps
configfile: pyproject.toml
plugins: anyio-4.13.0
collecting ... collected 6 items

shopOps/tests/test_scenarios.py::test_scenario_1_correct_classification_easy 
-------------------------------- live log call ---------------------------------
15:33:50 INFO test_scenarios scenario_1 reward=0.9430 done=False meta={'reward_breakdown': {'correctness': 1.0, 'cost_efficiency': 1.0, 'prioritization': 0.62}, 'correct': True, 'case_id': 'case-001', 'case_type': 'wrong_item', 'budget_used': 72.0, 'budget_remaining': 1928.0, 'time_used': 5, 'time_remaining': 475, 'cumulative_score': 0.943, 'invalid_count': 0, 'expected_action': {'action_type': 'replace', 'refund_amount_usd': None, 'replacement_expedite': False, 'escalation_reason': None}}
PASSED                                                                   [ 16%]
shopOps/tests/test_scenarios.py::test_scenario_2_wrong_action_penalty 
-------------------------------- live log call ---------------------------------
15:33:50 INFO test_scenarios scenario_2 reward=0.3780 done=False meta={'reward_breakdown': {'correctness': 0.5, 'cost_efficiency': 0.0, 'prioritization': 0.52}, 'correct': False, 'case_id': 'case-001', 'case_type': 'delivery_issue', 'budget_used': 120.0, 'budget_remaining': 1880.0, 'time_used': 2, 'time_remaining': 478, 'cumulative_score': 0.378, 'invalid_count': 0, 'expected_action': {'action_type': 'refund', 'refund_amount_usd': 24.0, 'replacement_expedite': False, 'escalation_reason': None}}
PASSED                                                                   [ 33%]
shopOps/tests/test_scenarios.py::test_scenario_3_vip_priority_penalty_via_cost 
-------------------------------- live log call ---------------------------------
15:33:50 INFO test_scenarios scenario_3 reward=0.6969 done=False meta={'reward_breakdown': {'correctness': 0.5, 'cost_efficiency': 0.9875, 'prioritization': 1.0}, 'correct': False, 'case_id': 'case-001', 'case_type': 'wrong_item', 'budget_used': 300.0, 'budget_remaining': 1700.0, 'time_used': 5, 'time_remaining': 475, 'cumulative_score': 0.6969, 'invalid_count': 0, 'expected_action': {'action_type': 'replace', 'refund_amount_usd': None, 'replacement_expedite': True, 'escalation_reason': None}}
PASSED                                                                   [ 50%]
shopOps/tests/test_scenarios.py::test_scenario_4_budget_constraint_failure 
-------------------------------- live log call ---------------------------------
15:33:50 INFO test_scenarios scenario_4 reward=-0.5000 done=True meta={'reward_breakdown': {'correctness': 0.0, 'cost_efficiency': 0.0, 'prioritization': 0.0}, 'correct': False, 'case_id': 'case-001', 'case_type': 'refund_request', 'budget_used': 3300.0, 'budget_remaining': 0.0, 'time_used': 2, 'time_remaining': 478, 'cumulative_score': -0.5, 'invalid_count': 0, 'expected_action': {'action_type': 'escalate', 'refund_amount_usd': None, 'replacement_expedite': False, 'escalation_reason': 'high_value'}, 'termination_reason': 'budget_exhausted', 'episode_summary': {'final_score': -0.5, 'cases_completed': 1, 'invalid_actions': 0, 'time_used': 2, 'budget_used': 3300.0, 'tier': 'easy', 'success_rate_by_case_type': {'refund_request': 0.0}}}
PASSED                                                                   [ 66%]
shopOps/tests/test_scenarios.py::test_scenario_5_sequential_quality_penalty 
-------------------------------- live log call ---------------------------------
15:33:50 INFO test_scenarios scenario_5_step1 reward=0.2500 done=False meta={'reward_breakdown': {'correctness': 0.0, 'cost_efficiency': 1.0, 'prioritization': 0.0}, 'correct': False, 'case_id': 'case-001', 'case_type': 'refund_request', 'budget_used': 0.0, 'budget_remaining': 2000.0, 'time_used': 1, 'time_remaining': 479, 'cumulative_score': 0.25, 'invalid_count': 0, 'expected_action': {'action_type': 'escalate', 'refund_amount_usd': None, 'replacement_expedite': False, 'escalation_reason': 'high_value'}}
15:33:50 INFO test_scenarios scenario_5_step2 reward=0.3720 done=False meta={'reward_breakdown': {'correctness': 0.5, 'cost_efficiency': 0.0, 'prioritization': 0.48000000000000004}, 'correct': False, 'case_id': 'case-001', 'case_type': 'delivery_issue', 'budget_used': 80.0, 'budget_remaining': 1920.0, 'time_used': 3, 'time_remaining': 477, 'cumulative_score': 0.622, 'invalid_count': 0, 'expected_action': {'action_type': 'refund', 'refund_amount_usd': 16.0, 'replacement_expedite': False, 'escalation_reason': None}}
15:33:50 INFO test_scenarios scenario_5_step3 reward=0.2500 done=False meta={'reward_breakdown': {'correctness': 0.0, 'cost_efficiency': 1.0, 'prioritization': 0.0}, 'correct': False, 'case_id': 'case-001', 'case_type': 'fraud_signal', 'budget_used': 80.0, 'budget_remaining': 1920.0, 'time_used': 4, 'time_remaining': 476, 'cumulative_score': 0.872, 'invalid_count': 0, 'expected_action': {'action_type': 'escalate', 'refund_amount_usd': None, 'replacement_expedite': False, 'escalation_reason': 'suspected_fraud'}}
PASSED                                                                   [ 83%]
shopOps/tests/test_scenarios.py::test_scenario_6_perfect_episode 
-------------------------------- live log call ---------------------------------
15:33:50 INFO test_scenarios scenario_6_step reward=0.9456 done=False meta={'reward_breakdown': {'correctness': 1.0, 'cost_efficiency': 1.0, 'prioritization': 0.63766}, 'correct': True, 'case_id': 'case-001', 'case_type': 'delivery_issue', 'budget_used': 0.0, 'budget_remaining': 2000.0, 'time_used': 1, 'time_remaining': 479, 'cumulative_score': 0.9456, 'invalid_count': 0, 'expected_action': {'action_type': 'reject', 'refund_amount_usd': None, 'replacement_expedite': False, 'escalation_reason': None}}
15:33:50 INFO test_scenarios scenario_6_step reward=0.9362 done=False meta={'reward_breakdown': {'correctness': 1.0, 'cost_efficiency': 1.0, 'prioritization': 0.57449}, 'correct': True, 'case_id': 'case-002', 'case_type': 'delivery_issue', 'budget_used': 14.9, 'budget_remaining': 1985.1, 'time_used': 3, 'time_remaining': 477, 'cumulative_score': 1.8818, 'invalid_count': 0, 'expected_action': {'action_type': 'refund', 'refund_amount_usd': 14.9, 'replacement_expedite': False, 'escalation_reason': None}}
15:33:50 INFO test_scenarios scenario_6_step reward=0.9850 done=False meta={'reward_breakdown': {'correctness': 1.0, 'cost_efficiency': 1.0, 'prioritization': 0.9}, 'correct': True, 'case_id': 'case-003', 'case_type': 'delivery_issue', 'budget_used': 171.2, 'budget_remaining': 1828.8, 'time_used': 5, 'time_remaining': 475, 'cumulative_score': 2.8668, 'invalid_count': 0, 'expected_action': {'action_type': 'refund', 'refund_amount_usd': 156.3, 'replacement_expedite': False, 'escalation_reason': None}}
15:33:50 INFO test_scenarios scenario_6_step reward=0.9401 done=False meta={'reward_breakdown': {'correctness': 1.0, 'cost_efficiency': 1.0, 'prioritization': 0.60038}, 'correct': True, 'case_id': 'case-004', 'case_type': 'wrong_item', 'budget_used': 231.43, 'budget_remaining': 1768.57, 'time_used': 10, 'time_remaining': 470, 'cumulative_score': 3.8069, 'invalid_count': 0, 'expected_action': {'action_type': 'replace', 'refund_amount_usd': None, 'replacement_expedite': False, 'escalation_reason': None}}
15:33:50 INFO test_scenarios scenario_6_step reward=1.0000 done=False meta={'reward_breakdown': {'correctness': 1.0, 'cost_efficiency': 1.0, 'prioritization': 1.0}, 'correct': True, 'case_id': 'case-005', 'case_type': 'refund_request', 'budget_used': 231.43, 'budget_remaining': 1768.57, 'time_used': 20, 'time_remaining': 460, 'cumulative_score': 4.8069, 'invalid_count': 0, 'expected_action': {'action_type': 'escalate', 'refund_amount_usd': None, 'replacement_expedite': False, 'escalation_reason': 'high_value'}}
15:33:50 INFO test_scenarios scenario_6_step reward=1.0000 done=False meta={'reward_breakdown': {'correctness': 1.0, 'cost_efficiency': 1.0, 'prioritization': 1.0}, 'correct': True, 'case_id': 'case-006', 'case_type': 'refund_request', 'budget_used': 231.43, 'budget_remaining': 1768.57, 'time_used': 30, 'time_remaining': 450, 'cumulative_score': 5.8069, 'invalid_count': 0, 'expected_action': {'action_type': 'escalate', 'refund_amount_usd': None, 'replacement_expedite': False, 'escalation_reason': 'high_value'}}
15:33:50 INFO test_scenarios scenario_6_step reward=0.9879 done=False meta={'reward_breakdown': {'correctness': 1.0, 'cost_efficiency': 1.0, 'prioritization': 0.9193100000000001}, 'correct': True, 'case_id': 'case-007', 'case_type': 'refund_request', 'budget_used': 650.74, 'budget_remaining': 1349.26, 'time_used': 32, 'time_remaining': 448, 'cumulative_score': 6.7948, 'invalid_count': 0, 'expected_action': {'action_type': 'refund', 'refund_amount_usd': 419.31, 'replacement_expedite': False, 'escalation_reason': None}}
15:33:50 INFO test_scenarios scenario_6_step reward=1.0000 done=False meta={'reward_breakdown': {'correctness': 1.0, 'cost_efficiency': 1.0, 'prioritization': 1.0}, 'correct': True, 'case_id': 'case-008', 'case_type': 'delivery_issue', 'budget_used': 650.74, 'budget_remaining': 1349.26, 'time_used': 42, 'time_remaining': 438, 'cumulative_score': 7.7948, 'invalid_count': 0, 'expected_action': {'action_type': 'escalate', 'refund_amount_usd': None, 'replacement_expedite': False, 'escalation_reason': 'policy_exception'}}
15:33:50 INFO test_scenarios scenario_6_step reward=0.9757 done=False meta={'reward_breakdown': {'correctness': 1.0, 'cost_efficiency': 1.0, 'prioritization': 0.83804}, 'correct': True, 'case_id': 'case-009', 'case_type': 'delivery_issue', 'budget_used': 758.35, 'budget_remaining': 1241.65, 'time_used': 44, 'time_remaining': 436, 'cumulative_score': 8.7705, 'invalid_count': 0, 'expected_action': {'action_type': 'refund', 'refund_amount_usd': 107.61, 'replacement_expedite': False, 'escalation_reason': None}}
15:33:50 INFO test_scenarios scenario_6_step reward=0.9386 done=False meta={'reward_breakdown': {'correctness': 1.0, 'cost_efficiency': 1.0, 'prioritization': 0.5906600000000001}, 'correct': True, 'case_id': 'case-010', 'case_type': 'wrong_item', 'budget_used': 932.74, 'budget_remaining': 1067.26, 'time_used': 49, 'time_remaining': 431, 'cumulative_score': 9.7091, 'invalid_count': 0, 'expected_action': {'action_type': 'replace', 'refund_amount_usd': None, 'replacement_expedite': False, 'escalation_reason': None}}
15:33:50 INFO test_scenarios scenario_6_step reward=0.9437 done=False meta={'reward_breakdown': {'correctness': 1.0, 'cost_efficiency': 1.0, 'prioritization': 0.62494}, 'correct': True, 'case_id': 'case-011', 'case_type': 'refund_request', 'budget_used': 932.74, 'budget_remaining': 1067.26, 'time_used': 50, 'time_remaining': 430, 'cumulative_score': 10.6528, 'invalid_count': 0, 'expected_action': {'action_type': 'reject', 'refund_amount_usd': None, 'replacement_expedite': False, 'escalation_reason': None}}
15:33:50 INFO test_scenarios scenario_6_step reward=0.9616 done=False meta={'reward_breakdown': {'correctness': 1.0, 'cost_efficiency': 1.0, 'prioritization': 0.74393}, 'correct': True, 'case_id': 'case-012', 'case_type': 'refund_request', 'budget_used': 1276.67, 'budget_remaining': 723.33, 'time_used': 52, 'time_remaining': 428, 'cumulative_score': 11.6144, 'invalid_count': 0, 'expected_action': {'action_type': 'refund', 'refund_amount_usd': 343.93, 'replacement_expedite': False, 'escalation_reason': None}}
15:33:50 INFO test_scenarios scenario_6_step reward=0.8844 done=False meta={'reward_breakdown': {'correctness': 1.0, 'cost_efficiency': 1.0, 'prioritization': 0.22941}, 'correct': True, 'case_id': 'case-013', 'case_type': 'wrong_item', 'budget_used': 1294.32, 'budget_remaining': 705.68, 'time_used': 57, 'time_remaining': 423, 'cumulative_score': 12.4988, 'invalid_count': 0, 'expected_action': {'action_type': 'replace', 'refund_amount_usd': None, 'replacement_expedite': False, 'escalation_reason': None}}
15:33:50 INFO test_scenarios scenario_6_step reward=0.9727 done=False meta={'reward_breakdown': {'correctness': 1.0, 'cost_efficiency': 1.0, 'prioritization': 0.8178799999999999}, 'correct': True, 'case_id': 'case-014', 'case_type': 'delivery_issue', 'budget_used': 1385.05, 'budget_remaining': 614.95, 'time_used': 64, 'time_remaining': 416, 'cumulative_score': 13.4715, 'invalid_count': 0, 'expected_action': {'action_type': 'replace', 'refund_amount_usd': None, 'replacement_expedite': True, 'escalation_reason': None}}
15:33:50 INFO test_scenarios scenario_6_step reward=0.9393 done=False meta={'reward_breakdown': {'correctness': 1.0, 'cost_efficiency': 1.0, 'prioritization': 0.5955900000000001}, 'correct': True, 'case_id': 'case-015', 'case_type': 'delivery_issue', 'budget_used': 1385.05, 'budget_remaining': 614.95, 'time_used': 65, 'time_remaining': 415, 'cumulative_score': 14.4108, 'invalid_count': 0, 'expected_action': {'action_type': 'reject', 'refund_amount_usd': None, 'replacement_expedite': False, 'escalation_reason': None}}
15:33:50 INFO test_scenarios scenario_6_step reward=0.9757 done=False meta={'reward_breakdown': {'correctness': 1.0, 'cost_efficiency': 1.0, 'prioritization': 0.83799}, 'correct': True, 'case_id': 'case-016', 'case_type': 'refund_request', 'budget_used': 1385.05, 'budget_remaining': 614.95, 'time_used': 75, 'time_remaining': 405, 'cumulative_score': 15.3865, 'invalid_count': 0, 'expected_action': {'action_type': 'escalate', 'refund_amount_usd': None, 'replacement_expedite': False, 'escalation_reason': 'suspected_fraud'}}
15:33:50 INFO test_scenarios scenario_6_step reward=1.0000 done=False meta={'reward_breakdown': {'correctness': 1.0, 'cost_efficiency': 1.0, 'prioritization': 1.0}, 'correct': True, 'case_id': 'case-017', 'case_type': 'wrong_item', 'budget_used': 1705.05, 'budget_remaining': 294.95, 'time_used': 82, 'time_remaining': 398, 'cumulative_score': 16.3865, 'invalid_count': 0, 'expected_action': {'action_type': 'replace', 'refund_amount_usd': None, 'replacement_expedite': True, 'escalation_reason': None}}
15:33:50 INFO test_scenarios scenario_6_step reward=0.9400 done=False meta={'reward_breakdown': {'correctness': 1.0, 'cost_efficiency': 1.0, 'prioritization': 0.59971}, 'correct': True, 'case_id': 'case-018', 'case_type': 'refund_request', 'budget_used': 1804.76, 'budget_remaining': 195.24, 'time_used': 84, 'time_remaining': 396, 'cumulative_score': 17.3265, 'invalid_count': 0, 'expected_action': {'action_type': 'refund', 'refund_amount_usd': 99.71, 'replacement_expedite': False, 'escalation_reason': None}}
15:33:50 INFO test_scenarios scenario_6_step reward=0.9703 done=False meta={'reward_breakdown': {'correctness': 1.0, 'cost_efficiency': 1.0, 'prioritization': 0.80217}, 'correct': True, 'case_id': 'case-019', 'case_type': 'fraud_signal', 'budget_used': 1955.85, 'budget_remaining': 44.15, 'time_used': 86, 'time_remaining': 394, 'cumulative_score': 18.2968, 'invalid_count': 0, 'expected_action': {'action_type': 'refund', 'refund_amount_usd': 151.09, 'replacement_expedite': False, 'escalation_reason': None}}
15:33:50 INFO test_scenarios scenario_6_step reward=0.9846 done=True meta={'reward_breakdown': {'correctness': 1.0, 'cost_efficiency': 1.0, 'prioritization': 0.89744}, 'correct': True, 'case_id': 'case-020', 'case_type': 'fraud_signal', 'budget_used': 1955.85, 'budget_remaining': 44.15, 'time_used': 96, 'time_remaining': 384, 'cumulative_score': 19.2814, 'invalid_count': 0, 'expected_action': {'action_type': 'escalate', 'refund_amount_usd': None, 'replacement_expedite': False, 'escalation_reason': 'suspected_fraud'}, 'termination_reason': 'cases_completed', 'episode_summary': {'final_score': 19.2814, 'cases_completed': 20, 'invalid_actions': 0, 'time_used': 96, 'budget_used': 1955.85, 'tier': 'easy', 'success_rate_by_case_type': {'delivery_issue': 1.0, 'wrong_item': 1.0, 'refund_request': 1.0, 'fraud_signal': 1.0}}}
PASSED                                                                   [100%]

==================================== PASSES ====================================
_________________ test_scenario_1_correct_classification_easy __________________
------------------------------ Captured log call -------------------------------
INFO     test_scenarios:test_scenarios.py:58 scenario_1 reward=0.9430 done=False meta={'reward_breakdown': {'correctness': 1.0, 'cost_efficiency': 1.0, 'prioritization': 0.62}, 'correct': True, 'case_id': 'case-001', 'case_type': 'wrong_item', 'budget_used': 72.0, 'budget_remaining': 1928.0, 'time_used': 5, 'time_remaining': 475, 'cumulative_score': 0.943, 'invalid_count': 0, 'expected_action': {'action_type': 'replace', 'refund_amount_usd': None, 'replacement_expedite': False, 'escalation_reason': None}}
_____________________ test_scenario_2_wrong_action_penalty _____________________
------------------------------ Captured log call -------------------------------
INFO     test_scenarios:test_scenarios.py:58 scenario_2 reward=0.3780 done=False meta={'reward_breakdown': {'correctness': 0.5, 'cost_efficiency': 0.0, 'prioritization': 0.52}, 'correct': False, 'case_id': 'case-001', 'case_type': 'delivery_issue', 'budget_used': 120.0, 'budget_remaining': 1880.0, 'time_used': 2, 'time_remaining': 478, 'cumulative_score': 0.378, 'invalid_count': 0, 'expected_action': {'action_type': 'refund', 'refund_amount_usd': 24.0, 'replacement_expedite': False, 'escalation_reason': None}}
________________ test_scenario_3_vip_priority_penalty_via_cost _________________
------------------------------ Captured log call -------------------------------
INFO     test_scenarios:test_scenarios.py:58 scenario_3 reward=0.6969 done=False meta={'reward_breakdown': {'correctness': 0.5, 'cost_efficiency': 0.9875, 'prioritization': 1.0}, 'correct': False, 'case_id': 'case-001', 'case_type': 'wrong_item', 'budget_used': 300.0, 'budget_remaining': 1700.0, 'time_used': 5, 'time_remaining': 475, 'cumulative_score': 0.6969, 'invalid_count': 0, 'expected_action': {'action_type': 'replace', 'refund_amount_usd': None, 'replacement_expedite': True, 'escalation_reason': None}}
__________________ test_scenario_4_budget_constraint_failure ___________________
------------------------------ Captured log call -------------------------------
INFO     test_scenarios:test_scenarios.py:58 scenario_4 reward=-0.5000 done=True meta={'reward_breakdown': {'correctness': 0.0, 'cost_efficiency': 0.0, 'prioritization': 0.0}, 'correct': False, 'case_id': 'case-001', 'case_type': 'refund_request', 'budget_used': 3300.0, 'budget_remaining': 0.0, 'time_used': 2, 'time_remaining': 478, 'cumulative_score': -0.5, 'invalid_count': 0, 'expected_action': {'action_type': 'escalate', 'refund_amount_usd': None, 'replacement_expedite': False, 'escalation_reason': 'high_value'}, 'termination_reason': 'budget_exhausted', 'episode_summary': {'final_score': -0.5, 'cases_completed': 1, 'invalid_actions': 0, 'time_used': 2, 'budget_used': 3300.0, 'tier': 'easy', 'success_rate_by_case_type': {'refund_request': 0.0}}}
__________________ test_scenario_5_sequential_quality_penalty __________________
------------------------------ Captured log call -------------------------------
INFO     test_scenarios:test_scenarios.py:58 scenario_5_step1 reward=0.2500 done=False meta={'reward_breakdown': {'correctness': 0.0, 'cost_efficiency': 1.0, 'prioritization': 0.0}, 'correct': False, 'case_id': 'case-001', 'case_type': 'refund_request', 'budget_used': 0.0, 'budget_remaining': 2000.0, 'time_used': 1, 'time_remaining': 479, 'cumulative_score': 0.25, 'invalid_count': 0, 'expected_action': {'action_type': 'escalate', 'refund_amount_usd': None, 'replacement_expedite': False, 'escalation_reason': 'high_value'}}
INFO     test_scenarios:test_scenarios.py:58 scenario_5_step2 reward=0.3720 done=False meta={'reward_breakdown': {'correctness': 0.5, 'cost_efficiency': 0.0, 'prioritization': 0.48000000000000004}, 'correct': False, 'case_id': 'case-001', 'case_type': 'delivery_issue', 'budget_used': 80.0, 'budget_remaining': 1920.0, 'time_used': 3, 'time_remaining': 477, 'cumulative_score': 0.622, 'invalid_count': 0, 'expected_action': {'action_type': 'refund', 'refund_amount_usd': 16.0, 'replacement_expedite': False, 'escalation_reason': None}}
INFO     test_scenarios:test_scenarios.py:58 scenario_5_step3 reward=0.2500 done=False meta={'reward_breakdown': {'correctness': 0.0, 'cost_efficiency': 1.0, 'prioritization': 0.0}, 'correct': False, 'case_id': 'case-001', 'case_type': 'fraud_signal', 'budget_used': 80.0, 'budget_remaining': 1920.0, 'time_used': 4, 'time_remaining': 476, 'cumulative_score': 0.872, 'invalid_count': 0, 'expected_action': {'action_type': 'escalate', 'refund_amount_usd': None, 'replacement_expedite': False, 'escalation_reason': 'suspected_fraud'}}
_______________________ test_scenario_6_perfect_episode ________________________
------------------------------ Captured log call -------------------------------
INFO     test_scenarios:test_scenarios.py:58 scenario_6_step reward=0.9456 done=False meta={'reward_breakdown': {'correctness': 1.0, 'cost_efficiency': 1.0, 'prioritization': 0.63766}, 'correct': True, 'case_id': 'case-001', 'case_type': 'delivery_issue', 'budget_used': 0.0, 'budget_remaining': 2000.0, 'time_used': 1, 'time_remaining': 479, 'cumulative_score': 0.9456, 'invalid_count': 0, 'expected_action': {'action_type': 'reject', 'refund_amount_usd': None, 'replacement_expedite': False, 'escalation_reason': None}}
INFO     test_scenarios:test_scenarios.py:58 scenario_6_step reward=0.9362 done=False meta={'reward_breakdown': {'correctness': 1.0, 'cost_efficiency': 1.0, 'prioritization': 0.57449}, 'correct': True, 'case_id': 'case-002', 'case_type': 'delivery_issue', 'budget_used': 14.9, 'budget_remaining': 1985.1, 'time_used': 3, 'time_remaining': 477, 'cumulative_score': 1.8818, 'invalid_count': 0, 'expected_action': {'action_type': 'refund', 'refund_amount_usd': 14.9, 'replacement_expedite': False, 'escalation_reason': None}}
INFO     test_scenarios:test_scenarios.py:58 scenario_6_step reward=0.9850 done=False meta={'reward_breakdown': {'correctness': 1.0, 'cost_efficiency': 1.0, 'prioritization': 0.9}, 'correct': True, 'case_id': 'case-003', 'case_type': 'delivery_issue', 'budget_used': 171.2, 'budget_remaining': 1828.8, 'time_used': 5, 'time_remaining': 475, 'cumulative_score': 2.8668, 'invalid_count': 0, 'expected_action': {'action_type': 'refund', 'refund_amount_usd': 156.3, 'replacement_expedite': False, 'escalation_reason': None}}
INFO     test_scenarios:test_scenarios.py:58 scenario_6_step reward=0.9401 done=False meta={'reward_breakdown': {'correctness': 1.0, 'cost_efficiency': 1.0, 'prioritization': 0.60038}, 'correct': True, 'case_id': 'case-004', 'case_type': 'wrong_item', 'budget_used': 231.43, 'budget_remaining': 1768.57, 'time_used': 10, 'time_remaining': 470, 'cumulative_score': 3.8069, 'invalid_count': 0, 'expected_action': {'action_type': 'replace', 'refund_amount_usd': None, 'replacement_expedite': False, 'escalation_reason': None}}
INFO     test_scenarios:test_scenarios.py:58 scenario_6_step reward=1.0000 done=False meta={'reward_breakdown': {'correctness': 1.0, 'cost_efficiency': 1.0, 'prioritization': 1.0}, 'correct': True, 'case_id': 'case-005', 'case_type': 'refund_request', 'budget_used': 231.43, 'budget_remaining': 1768.57, 'time_used': 20, 'time_remaining': 460, 'cumulative_score': 4.8069, 'invalid_count': 0, 'expected_action': {'action_type': 'escalate', 'refund_amount_usd': None, 'replacement_expedite': False, 'escalation_reason': 'high_value'}}
INFO     test_scenarios:test_scenarios.py:58 scenario_6_step reward=1.0000 done=False meta={'reward_breakdown': {'correctness': 1.0, 'cost_efficiency': 1.0, 'prioritization': 1.0}, 'correct': True, 'case_id': 'case-006', 'case_type': 'refund_request', 'budget_used': 231.43, 'budget_remaining': 1768.57, 'time_used': 30, 'time_remaining': 450, 'cumulative_score': 5.8069, 'invalid_count': 0, 'expected_action': {'action_type': 'escalate', 'refund_amount_usd': None, 'replacement_expedite': False, 'escalation_reason': 'high_value'}}
INFO     test_scenarios:test_scenarios.py:58 scenario_6_step reward=0.9879 done=False meta={'reward_breakdown': {'correctness': 1.0, 'cost_efficiency': 1.0, 'prioritization': 0.9193100000000001}, 'correct': True, 'case_id': 'case-007', 'case_type': 'refund_request', 'budget_used': 650.74, 'budget_remaining': 1349.26, 'time_used': 32, 'time_remaining': 448, 'cumulative_score': 6.7948, 'invalid_count': 0, 'expected_action': {'action_type': 'refund', 'refund_amount_usd': 419.31, 'replacement_expedite': False, 'escalation_reason': None}}
INFO     test_scenarios:test_scenarios.py:58 scenario_6_step reward=1.0000 done=False meta={'reward_breakdown': {'correctness': 1.0, 'cost_efficiency': 1.0, 'prioritization': 1.0}, 'correct': True, 'case_id': 'case-008', 'case_type': 'delivery_issue', 'budget_used': 650.74, 'budget_remaining': 1349.26, 'time_used': 42, 'time_remaining': 438, 'cumulative_score': 7.7948, 'invalid_count': 0, 'expected_action': {'action_type': 'escalate', 'refund_amount_usd': None, 'replacement_expedite': False, 'escalation_reason': 'policy_exception'}}
INFO     test_scenarios:test_scenarios.py:58 scenario_6_step reward=0.9757 done=False meta={'reward_breakdown': {'correctness': 1.0, 'cost_efficiency': 1.0, 'prioritization': 0.83804}, 'correct': True, 'case_id': 'case-009', 'case_type': 'delivery_issue', 'budget_used': 758.35, 'budget_remaining': 1241.65, 'time_used': 44, 'time_remaining': 436, 'cumulative_score': 8.7705, 'invalid_count': 0, 'expected_action': {'action_type': 'refund', 'refund_amount_usd': 107.61, 'replacement_expedite': False, 'escalation_reason': None}}
INFO     test_scenarios:test_scenarios.py:58 scenario_6_step reward=0.9386 done=False meta={'reward_breakdown': {'correctness': 1.0, 'cost_efficiency': 1.0, 'prioritization': 0.5906600000000001}, 'correct': True, 'case_id': 'case-010', 'case_type': 'wrong_item', 'budget_used': 932.74, 'budget_remaining': 1067.26, 'time_used': 49, 'time_remaining': 431, 'cumulative_score': 9.7091, 'invalid_count': 0, 'expected_action': {'action_type': 'replace', 'refund_amount_usd': None, 'replacement_expedite': False, 'escalation_reason': None}}
INFO     test_scenarios:test_scenarios.py:58 scenario_6_step reward=0.9437 done=False meta={'reward_breakdown': {'correctness': 1.0, 'cost_efficiency': 1.0, 'prioritization': 0.62494}, 'correct': True, 'case_id': 'case-011', 'case_type': 'refund_request', 'budget_used': 932.74, 'budget_remaining': 1067.26, 'time_used': 50, 'time_remaining': 430, 'cumulative_score': 10.6528, 'invalid_count': 0, 'expected_action': {'action_type': 'reject', 'refund_amount_usd': None, 'replacement_expedite': False, 'escalation_reason': None}}
INFO     test_scenarios:test_scenarios.py:58 scenario_6_step reward=0.9616 done=False meta={'reward_breakdown': {'correctness': 1.0, 'cost_efficiency': 1.0, 'prioritization': 0.74393}, 'correct': True, 'case_id': 'case-012', 'case_type': 'refund_request', 'budget_used': 1276.67, 'budget_remaining': 723.33, 'time_used': 52, 'time_remaining': 428, 'cumulative_score': 11.6144, 'invalid_count': 0, 'expected_action': {'action_type': 'refund', 'refund_amount_usd': 343.93, 'replacement_expedite': False, 'escalation_reason': None}}
INFO     test_scenarios:test_scenarios.py:58 scenario_6_step reward=0.8844 done=False meta={'reward_breakdown': {'correctness': 1.0, 'cost_efficiency': 1.0, 'prioritization': 0.22941}, 'correct': True, 'case_id': 'case-013', 'case_type': 'wrong_item', 'budget_used': 1294.32, 'budget_remaining': 705.68, 'time_used': 57, 'time_remaining': 423, 'cumulative_score': 12.4988, 'invalid_count': 0, 'expected_action': {'action_type': 'replace', 'refund_amount_usd': None, 'replacement_expedite': False, 'escalation_reason': None}}
INFO     test_scenarios:test_scenarios.py:58 scenario_6_step reward=0.9727 done=False meta={'reward_breakdown': {'correctness': 1.0, 'cost_efficiency': 1.0, 'prioritization': 0.8178799999999999}, 'correct': True, 'case_id': 'case-014', 'case_type': 'delivery_issue', 'budget_used': 1385.05, 'budget_remaining': 614.95, 'time_used': 64, 'time_remaining': 416, 'cumulative_score': 13.4715, 'invalid_count': 0, 'expected_action': {'action_type': 'replace', 'refund_amount_usd': None, 'replacement_expedite': True, 'escalation_reason': None}}
INFO     test_scenarios:test_scenarios.py:58 scenario_6_step reward=0.9393 done=False meta={'reward_breakdown': {'correctness': 1.0, 'cost_efficiency': 1.0, 'prioritization': 0.5955900000000001}, 'correct': True, 'case_id': 'case-015', 'case_type': 'delivery_issue', 'budget_used': 1385.05, 'budget_remaining': 614.95, 'time_used': 65, 'time_remaining': 415, 'cumulative_score': 14.4108, 'invalid_count': 0, 'expected_action': {'action_type': 'reject', 'refund_amount_usd': None, 'replacement_expedite': False, 'escalation_reason': None}}
INFO     test_scenarios:test_scenarios.py:58 scenario_6_step reward=0.9757 done=False meta={'reward_breakdown': {'correctness': 1.0, 'cost_efficiency': 1.0, 'prioritization': 0.83799}, 'correct': True, 'case_id': 'case-016', 'case_type': 'refund_request', 'budget_used': 1385.05, 'budget_remaining': 614.95, 'time_used': 75, 'time_remaining': 405, 'cumulative_score': 15.3865, 'invalid_count': 0, 'expected_action': {'action_type': 'escalate', 'refund_amount_usd': None, 'replacement_expedite': False, 'escalation_reason': 'suspected_fraud'}}
INFO     test_scenarios:test_scenarios.py:58 scenario_6_step reward=1.0000 done=False meta={'reward_breakdown': {'correctness': 1.0, 'cost_efficiency': 1.0, 'prioritization': 1.0}, 'correct': True, 'case_id': 'case-017', 'case_type': 'wrong_item', 'budget_used': 1705.05, 'budget_remaining': 294.95, 'time_used': 82, 'time_remaining': 398, 'cumulative_score': 16.3865, 'invalid_count': 0, 'expected_action': {'action_type': 'replace', 'refund_amount_usd': None, 'replacement_expedite': True, 'escalation_reason': None}}
INFO     test_scenarios:test_scenarios.py:58 scenario_6_step reward=0.9400 done=False meta={'reward_breakdown': {'correctness': 1.0, 'cost_efficiency': 1.0, 'prioritization': 0.59971}, 'correct': True, 'case_id': 'case-018', 'case_type': 'refund_request', 'budget_used': 1804.76, 'budget_remaining': 195.24, 'time_used': 84, 'time_remaining': 396, 'cumulative_score': 17.3265, 'invalid_count': 0, 'expected_action': {'action_type': 'refund', 'refund_amount_usd': 99.71, 'replacement_expedite': False, 'escalation_reason': None}}
INFO     test_scenarios:test_scenarios.py:58 scenario_6_step reward=0.9703 done=False meta={'reward_breakdown': {'correctness': 1.0, 'cost_efficiency': 1.0, 'prioritization': 0.80217}, 'correct': True, 'case_id': 'case-019', 'case_type': 'fraud_signal', 'budget_used': 1955.85, 'budget_remaining': 44.15, 'time_used': 86, 'time_remaining': 394, 'cumulative_score': 18.2968, 'invalid_count': 0, 'expected_action': {'action_type': 'refund', 'refund_amount_usd': 151.09, 'replacement_expedite': False, 'escalation_reason': None}}
INFO     test_scenarios:test_scenarios.py:58 scenario_6_step reward=0.9846 done=True meta={'reward_breakdown': {'correctness': 1.0, 'cost_efficiency': 1.0, 'prioritization': 0.89744}, 'correct': True, 'case_id': 'case-020', 'case_type': 'fraud_signal', 'budget_used': 1955.85, 'budget_remaining': 44.15, 'time_used': 96, 'time_remaining': 384, 'cumulative_score': 19.2814, 'invalid_count': 0, 'expected_action': {'action_type': 'escalate', 'refund_amount_usd': None, 'replacement_expedite': False, 'escalation_reason': 'suspected_fraud'}, 'termination_reason': 'cases_completed', 'episode_summary': {'final_score': 19.2814, 'cases_completed': 20, 'invalid_actions': 0, 'time_used': 96, 'budget_used': 1955.85, 'tier': 'easy', 'success_rate_by_case_type': {'delivery_issue': 1.0, 'wrong_item': 1.0, 'refund_request': 1.0, 'fraud_signal': 1.0}}}
=========================== short test summary info ============================
PASSED shopOps/tests/test_scenarios.py::test_scenario_1_correct_classification_easy
PASSED shopOps/tests/test_scenarios.py::test_scenario_2_wrong_action_penalty
PASSED shopOps/tests/test_scenarios.py::test_scenario_3_vip_priority_penalty_via_cost
PASSED shopOps/tests/test_scenarios.py::test_scenario_4_budget_constraint_failure
PASSED shopOps/tests/test_scenarios.py::test_scenario_5_sequential_quality_penalty
PASSED shopOps/tests/test_scenarios.py::test_scenario_6_perfect_episode
============================== 6 passed in 1.73s ===============================
